<?xml version="1.0" encoding="UTF-8"?>
<testng-results ignored="0" total="1" passed="1" failed="0" skipped="0">
  <reporter-output>
  </reporter-output>
  <suite started-at="2024-03-26T15:13:25 IST" name="Default suite" finished-at="2024-03-26T15:13:32 IST" duration-ms="6871">
    <groups>
    </groups>
    <test started-at="2024-03-26T15:13:25 IST" name="Default test" finished-at="2024-03-26T15:13:32 IST" duration-ms="6871">
      <class name="com.WebDriverDemos.Registeratiionform">
        <test-method is-config="true" signature="setUp()[pri:0, instance:com.WebDriverDemos.Registeratiionform@243c4f91]" started-at="2024-03-26T15:13:25 IST" name="setUp" finished-at="2024-03-26T15:13:31 IST" duration-ms="6079" status="PASS">
          <reporter-output>
          </reporter-output>
        </test-method> <!-- setUp -->
        <test-method signature="testRegistrationForm()[pri:0, instance:com.WebDriverDemos.Registeratiionform@243c4f91]" started-at="2024-03-26T15:13:31 IST" name="testRegistrationForm" finished-at="2024-03-26T15:13:32 IST" duration-ms="692" status="PASS">
          <reporter-output>
          </reporter-output>
        </test-method> <!-- testRegistrationForm -->
      </class> <!-- com.WebDriverDemos.Registeratiionform -->
    </test> <!-- Default test -->
  </suite> <!-- Default suite -->
</testng-results>
